INFO:werkzeug:[31m[1mWARNING: This is a development server. Do not use it in a production deployment. Use a production WSGI server instead.[0m
 * Running on all addresses (0.0.0.0)
 * Running on http://127.0.0.1:5000
 * Running on http://192.168.43.165:5000
INFO:werkzeug:[33mPress CTRL+C to quit[0m
INFO:werkzeug: * Restarting with stat
WARNING:werkzeug: * Debugger is active!
INFO:werkzeug: * Debugger PIN: 657-436-389
DEBUG:app2:Received login request for username: ajie
INFO:app2:Login successful for username: ajie, user_id: 1
INFO:werkzeug:192.168.43.165 - - [18/Nov/2023 07:58:02] "[35m[1mPOST /login HTTP/1.1[0m" 500 -
INFO:werkzeug: * Detected change in 'E:\\server\\app2.py', reloading
INFO:werkzeug: * Restarting with stat
WARNING:werkzeug: * Debugger is active!
INFO:werkzeug: * Debugger PIN: 657-436-389
DEBUG:app2:Received login request for username: ajie
INFO:app2:Login successful for username: ajie, user_id: 1
INFO:werkzeug:192.168.43.165 - - [18/Nov/2023 07:59:41] "[35m[1mPOST /login HTTP/1.1[0m" 500 -
INFO:werkzeug: * Detected change in 'E:\\server\\app2.py', reloading
INFO:werkzeug: * Restarting with stat
INFO:werkzeug:[31m[1mWARNING: This is a development server. Do not use it in a production deployment. Use a production WSGI server instead.[0m
 * Running on all addresses (0.0.0.0)
 * Running on http://127.0.0.1:5000
 * Running on http://192.168.43.165:5000
INFO:werkzeug:[33mPress CTRL+C to quit[0m
INFO:werkzeug: * Restarting with stat
WARNING:werkzeug: * Debugger is active!
INFO:werkzeug: * Debugger PIN: 657-436-389
DEBUG:app2:Received login request for username: ajie
INFO:werkzeug:192.168.43.165 - - [18/Nov/2023 08:16:14] "[35m[1mPOST /login HTTP/1.1[0m" 500 -
INFO:werkzeug: * Detected change in 'E:\\server\\app2.py', reloading
INFO:werkzeug: * Restarting with stat
WARNING:werkzeug: * Debugger is active!
INFO:werkzeug: * Debugger PIN: 657-436-389
DEBUG:app2:Received login request for username: ajie
INFO:werkzeug:192.168.43.165 - - [18/Nov/2023 08:17:55] "[35m[1mPOST /login HTTP/1.1[0m" 500 -
INFO:werkzeug: * Detected change in 'E:\\server\\app2.py', reloading
INFO:werkzeug: * Restarting with stat
WARNING:werkzeug: * Debugger is active!
INFO:werkzeug: * Debugger PIN: 657-436-389
INFO:werkzeug: * Detected change in 'E:\\server\\app2.py', reloading
INFO:werkzeug: * Restarting with stat
WARNING:werkzeug: * Debugger is active!
INFO:werkzeug: * Debugger PIN: 657-436-389
DEBUG:app2:Received login request for username: ajie
WARNING:app2:Login failed for username: ajie
INFO:werkzeug:192.168.43.165 - - [18/Nov/2023 08:18:41] "[31m[1mPOST /login HTTP/1.1[0m" 401 -
INFO:werkzeug: * Detected change in 'E:\\server\\app2.py', reloading
INFO:werkzeug: * Restarting with stat
WARNING:werkzeug: * Debugger is active!
INFO:werkzeug: * Debugger PIN: 657-436-389
INFO:werkzeug: * Detected change in 'E:\\server\\app2.py', reloading
INFO:werkzeug: * Restarting with stat
WARNING:werkzeug: * Debugger is active!
INFO:werkzeug: * Debugger PIN: 657-436-389
DEBUG:app2:Received login request for username: ajie
WARNING:app2:Login failed for username: ajie
INFO:werkzeug:192.168.43.165 - - [18/Nov/2023 08:19:55] "[31m[1mPOST /login HTTP/1.1[0m" 401 -
INFO:werkzeug: * Detected change in 'E:\\server\\app2.py', reloading
INFO:werkzeug: * Restarting with stat
WARNING:werkzeug: * Debugger is active!
INFO:werkzeug: * Debugger PIN: 657-436-389
INFO:werkzeug: * Detected change in 'E:\\server\\app2.py', reloading
INFO:werkzeug: * Restarting with stat
WARNING:werkzeug: * Debugger is active!
INFO:werkzeug: * Debugger PIN: 657-436-389
DEBUG:app2:Received login request for username: ajie
WARNING:app2:Login failed for username: ajie
INFO:werkzeug:192.168.43.165 - - [18/Nov/2023 08:20:30] "[31m[1mPOST /login HTTP/1.1[0m" 401 -
